<?xml version="1.0" encoding="UTF-8"?>
<!-- Generated by org.testng.reporters.JUnitXMLReporter -->
<testsuite hostname="Mamta-PC" name="Test" tests="4" failures="4" timestamp="7 Feb 2023 12:49:31 GMT" time="25.399" errors="0">
  <testcase name="validSearchItem" time="25.368" classname="com.qa.testPages.VerifyAmazonSite">
    <failure type="java.lang.IllegalMonitorStateException">
      <![CDATA[java.lang.IllegalMonitorStateException
	at java.lang.Object.wait(Native Method)
	at com.qa.testPages.VerifyAmazonSite.validSearchItem(VerifyAmazonSite.java:46)
... Removed 24 stack frames]]>
    </failure>
  </testcase> <!-- validSearchItem -->
  <testcase name="ValidBagItem" time="0.001" classname="com.qa.testPages.VerifyAmazonSite">
    <failure type="java.lang.NullPointerException">
      <![CDATA[java.lang.NullPointerException
	at com.qa.testPages.VerifyAmazonSite.ValidBagItem(VerifyAmazonSite.java:55)
... Removed 24 stack frames]]>
    </failure>
  </testcase> <!-- ValidBagItem -->
  <testcase name="validOtherFunction" time="0.001" classname="com.qa.testPages.VerifyAmazonSite">
    <failure type="java.lang.NullPointerException">
      <![CDATA[java.lang.NullPointerException
	at com.qa.testPages.VerifyAmazonSite.validOtherFunction(VerifyAmazonSite.java:65)
... Removed 24 stack frames]]>
    </failure>
  </testcase> <!-- validOtherFunction -->
  <testcase name="validAmazonGiftidea" time="0.002" classname="com.qa.testPages.VerifyAmazonSite">
    <failure type="java.lang.NullPointerException">
      <![CDATA[java.lang.NullPointerException
	at com.qa.testPages.VerifyAmazonSite.validAmazonGiftidea(VerifyAmazonSite.java:77)
... Removed 24 stack frames]]>
    </failure>
  </testcase> <!-- validAmazonGiftidea -->
</testsuite> <!-- Test -->
